This file contains any messages produced by compilers while
running configure, to aid debugging if configure makes a mistake.

It was created by blackbox configure 0.75, which was
generated by GNU Autoconf 2.69.  Invocation command line was

  $ ./configure --prefix=/opt/blackbox-0.75 --disable-nls

## --------- ##
## Platform. ##
## --------- ##

hostname = VD-IB-DEB10-DEV
uname -m = x86_64
uname -r = 4.19.0-6-amd64
uname -s = Linux
uname -v = #1 SMP Debian 4.19.67-2+deb10u2 (2019-11-11)

/usr/bin/uname -p = unknown
/bin/uname -X     = unknown

/bin/arch              = x86_64
/usr/bin/arch -k       = unknown
/usr/convex/getsysinfo = unknown
/usr/bin/hostinfo      = unknown
/bin/machine           = unknown
/usr/bin/oslevel       = unknown
/bin/universe          = unknown

PATH: /usr/local/bin
PATH: /usr/bin
PATH: /bin
PATH: /usr/local/games
PATH: /usr/games


## ----------- ##
## Core tests. ##
## ----------- ##

configure:2851: checking for gcc
configure:2867: found /usr/bin/gcc
configure:2878: result: gcc
configure:3107: checking for C compiler version
configure:3116: gcc --version >&5
gcc (Debian 8.3.0-6) 8.3.0
Copyright (C) 2018 Free Software Foundation, Inc.
This is free software; see the source for copying conditions.  There is NO
warranty; not even for MERCHANTABILITY or FITNESS FOR A PARTICULAR PURPOSE.

configure:3127: $? = 0
configure:3116: gcc -v >&5
Using built-in specs.
COLLECT_GCC=gcc
COLLECT_LTO_WRAPPER=/usr/lib/gcc/x86_64-linux-gnu/8/lto-wrapper
OFFLOAD_TARGET_NAMES=nvptx-none
OFFLOAD_TARGET_DEFAULT=1
Target: x86_64-linux-gnu
Configured with: ../src/configure -v --with-pkgversion='Debian 8.3.0-6' --with-bugurl=file:///usr/share/doc/gcc-8/README.Bugs --enable-languages=c,ada,c++,go,brig,d,fortran,objc,obj-c++ --prefix=/usr --with-gcc-major-version-only --program-suffix=-8 --program-prefix=x86_64-linux-gnu- --enable-shared --enable-linker-build-id --libexecdir=/usr/lib --without-included-gettext --enable-threads=posix --libdir=/usr/lib --enable-nls --enable-bootstrap --enable-clocale=gnu --enable-libstdcxx-debug --enable-libstdcxx-time=yes --with-default-libstdcxx-abi=new --enable-gnu-unique-object --disable-vtable-verify --enable-libmpx --enable-plugin --enable-default-pie --with-system-zlib --with-target-system-zlib --enable-objc-gc=auto --enable-multiarch --disable-werror --with-arch-32=i686 --with-abi=m64 --with-multilib-list=m32,m64,mx32 --enable-multilib --with-tune=generic --enable-offload-targets=nvptx-none --without-cuda-driver --enable-checking=release --build=x86_64-linux-gnu --host=x86_64-linux-gnu --target=x86_64-linux-gnu
Thread model: posix
gcc version 8.3.0 (Debian 8.3.0-6) 
configure:3127: $? = 0
configure:3116: gcc -V >&5
gcc: error: unrecognized command line option '-V'
gcc: fatal error: no input files
compilation terminated.
configure:3127: $? = 1
configure:3116: gcc -qversion >&5
gcc: error: unrecognized command line option '-qversion'; did you mean '--version'?
gcc: fatal error: no input files
compilation terminated.
configure:3127: $? = 1
configure:3147: checking whether the C compiler works
configure:3169: gcc    conftest.c  >&5
configure:3173: $? = 0
configure:3221: result: yes
configure:3224: checking for C compiler default output file name
configure:3226: result: a.out
configure:3232: checking for suffix of executables
configure:3239: gcc -o conftest    conftest.c  >&5
configure:3243: $? = 0
configure:3265: result: 
configure:3287: checking whether we are cross compiling
configure:3295: gcc -o conftest    conftest.c  >&5
configure:3299: $? = 0
configure:3306: ./conftest
configure:3310: $? = 0
configure:3298: result: no
configure:3303: checking for suffix of object files
configure:3325: gcc -c   conftest.c >&5
configure:3329: $? = 0
configure:3350: result: o
configure:3354: checking whether we are using the GNU C compiler
configure:3373: gcc -c   conftest.c >&5
configure:3373: $? = 0
configure:3382: result: yes
configure:3391: checking whether gcc accepts -g
configure:3411: gcc -c -g  conftest.c >&5
configure:3411: $? = 0
configure:3452: result: yes
configure:3469: checking for gcc option to accept ISO C89
configure:3532: gcc  -c -g -O2  conftest.c >&5
configure:3532: $? = 0
configure:3545: result: none needed
configure:3570: checking whether gcc understands -c and -o together
configure:3592: gcc -c conftest.c -o conftest2.o
configure:3595: $? = 0
configure:3592: gcc -c conftest.c -o conftest2.o
configure:3595: $? = 0
configure:3607: result: yes
configure:3630: checking how to run the C preprocessor
configure:3661: gcc -E  conftest.c
configure:3661: $? = 0
configure:3675: gcc -E  conftest.c
conftest.c:9:10: fatal error: ac_nonexistent.h: No such file or directory
 #include <ac_nonexistent.h>
          ^~~~~~~~~~~~~~~~~~
compilation terminated.
configure:3675: $? = 1
configure: failed program was:
| /* confdefs.h */
| #define PACKAGE_NAME "blackbox"
| #define PACKAGE_TARNAME "blackbox"
| #define PACKAGE_VERSION "0.75"
| #define PACKAGE_STRING "blackbox 0.75"
| #define PACKAGE_BUGREPORT "http://github.com/bbidulock/blackboxwm"
| #define PACKAGE_URL "http://github.com/bbidulock/blackboxwm/issues"
| /* end confdefs.h.  */
| #include <ac_nonexistent.h>
configure:3700: result: gcc -E
configure:3720: gcc -E  conftest.c
configure:3720: $? = 0
configure:3734: gcc -E  conftest.c
conftest.c:9:10: fatal error: ac_nonexistent.h: No such file or directory
 #include <ac_nonexistent.h>
          ^~~~~~~~~~~~~~~~~~
compilation terminated.
configure:3734: $? = 1
configure: failed program was:
| /* confdefs.h */
| #define PACKAGE_NAME "blackbox"
| #define PACKAGE_TARNAME "blackbox"
| #define PACKAGE_VERSION "0.75"
| #define PACKAGE_STRING "blackbox 0.75"
| #define PACKAGE_BUGREPORT "http://github.com/bbidulock/blackboxwm"
| #define PACKAGE_URL "http://github.com/bbidulock/blackboxwm/issues"
| /* end confdefs.h.  */
| #include <ac_nonexistent.h>
configure:3763: checking for grep that handles long lines and -e
configure:3821: result: /usr/bin/grep
configure:3826: checking for egrep
configure:3888: result: /usr/bin/grep -E
configure:3893: checking for ANSI C header files
configure:3913: gcc -c -g -O2  conftest.c >&5
configure:3913: $? = 0
configure:3986: gcc -o conftest -g -O2   conftest.c  >&5
configure:3986: $? = 0
configure:3986: ./conftest
configure:3986: $? = 0
configure:3997: result: yes
configure:4010: checking for sys/types.h
configure:4010: gcc -c -g -O2  conftest.c >&5
configure:4010: $? = 0
configure:4010: result: yes
configure:4010: checking for sys/stat.h
configure:4010: gcc -c -g -O2  conftest.c >&5
configure:4010: $? = 0
configure:4010: result: yes
configure:4010: checking for stdlib.h
configure:4010: gcc -c -g -O2  conftest.c >&5
configure:4010: $? = 0
configure:4010: result: yes
configure:4010: checking for string.h
configure:4010: gcc -c -g -O2  conftest.c >&5
configure:4010: $? = 0
configure:4010: result: yes
configure:4010: checking for memory.h
configure:4010: gcc -c -g -O2  conftest.c >&5
configure:4010: $? = 0
configure:4010: result: yes
configure:4010: checking for strings.h
configure:4010: gcc -c -g -O2  conftest.c >&5
configure:4010: $? = 0
configure:4010: result: yes
configure:4010: checking for inttypes.h
configure:4010: gcc -c -g -O2  conftest.c >&5
configure:4010: $? = 0
configure:4010: result: yes
configure:4010: checking for stdint.h
configure:4010: gcc -c -g -O2  conftest.c >&5
configure:4010: $? = 0
configure:4010: result: yes
configure:4010: checking for unistd.h
configure:4010: gcc -c -g -O2  conftest.c >&5
configure:4010: $? = 0
configure:4010: result: yes
configure:4023: checking minix/config.h usability
configure:4023: gcc -c -g -O2  conftest.c >&5
conftest.c:52:10: fatal error: minix/config.h: No such file or directory
 #include <minix/config.h>
          ^~~~~~~~~~~~~~~~
compilation terminated.
configure:4023: $? = 1
configure: failed program was:
| /* confdefs.h */
| #define PACKAGE_NAME "blackbox"
| #define PACKAGE_TARNAME "blackbox"
| #define PACKAGE_VERSION "0.75"
| #define PACKAGE_STRING "blackbox 0.75"
| #define PACKAGE_BUGREPORT "http://github.com/bbidulock/blackboxwm"
| #define PACKAGE_URL "http://github.com/bbidulock/blackboxwm/issues"
| #define STDC_HEADERS 1
| #define HAVE_SYS_TYPES_H 1
| #define HAVE_SYS_STAT_H 1
| #define HAVE_STDLIB_H 1
| #define HAVE_STRING_H 1
| #define HAVE_MEMORY_H 1
| #define HAVE_STRINGS_H 1
| #define HAVE_INTTYPES_H 1
| #define HAVE_STDINT_H 1
| #define HAVE_UNISTD_H 1
| /* end confdefs.h.  */
| #include <stdio.h>
| #ifdef HAVE_SYS_TYPES_H
| # include <sys/types.h>
| #endif
| #ifdef HAVE_SYS_STAT_H
| # include <sys/stat.h>
| #endif
| #ifdef STDC_HEADERS
| # include <stdlib.h>
| # include <stddef.h>
| #else
| # ifdef HAVE_STDLIB_H
| #  include <stdlib.h>
| # endif
| #endif
| #ifdef HAVE_STRING_H
| # if !defined STDC_HEADERS && defined HAVE_MEMORY_H
| #  include <memory.h>
| # endif
| # include <string.h>
| #endif
| #ifdef HAVE_STRINGS_H
| # include <strings.h>
| #endif
| #ifdef HAVE_INTTYPES_H
| # include <inttypes.h>
| #endif
| #ifdef HAVE_STDINT_H
| # include <stdint.h>
| #endif
| #ifdef HAVE_UNISTD_H
| # include <unistd.h>
| #endif
| #include <minix/config.h>
configure:4023: result: no
configure:4023: checking minix/config.h presence
configure:4023: gcc -E  conftest.c
conftest.c:19:10: fatal error: minix/config.h: No such file or directory
 #include <minix/config.h>
          ^~~~~~~~~~~~~~~~
compilation terminated.
configure:4023: $? = 1
configure: failed program was:
| /* confdefs.h */
| #define PACKAGE_NAME "blackbox"
| #define PACKAGE_TARNAME "blackbox"
| #define PACKAGE_VERSION "0.75"
| #define PACKAGE_STRING "blackbox 0.75"
| #define PACKAGE_BUGREPORT "http://github.com/bbidulock/blackboxwm"
| #define PACKAGE_URL "http://github.com/bbidulock/blackboxwm/issues"
| #define STDC_HEADERS 1
| #define HAVE_SYS_TYPES_H 1
| #define HAVE_SYS_STAT_H 1
| #define HAVE_STDLIB_H 1
| #define HAVE_STRING_H 1
| #define HAVE_MEMORY_H 1
| #define HAVE_STRINGS_H 1
| #define HAVE_INTTYPES_H 1
| #define HAVE_STDINT_H 1
| #define HAVE_UNISTD_H 1
| /* end confdefs.h.  */
| #include <minix/config.h>
configure:4023: result: no
configure:4023: checking for minix/config.h
configure:4023: result: no
configure:4044: checking whether it is safe to define __EXTENSIONS__
configure:4062: gcc -c -g -O2  conftest.c >&5
configure:4062: $? = 0
configure:4069: result: yes
configure:4087: checking build system type
configure:4101: result: x86_64-pc-linux-gnu
configure:4121: checking host system type
configure:4134: result: x86_64-pc-linux-gnu
configure:4154: checking target system type
configure:4167: result: x86_64-pc-linux-gnu
configure:4220: checking for a BSD-compatible install
configure:4288: result: /usr/bin/install -c
configure:4299: checking whether build environment is sane
configure:4354: result: yes
configure:4500: checking for a thread-safe mkdir -p
configure:4539: result: /usr/bin/mkdir -p
configure:4546: checking for gawk
configure:4576: result: no
configure:4546: checking for mawk
configure:4562: found /usr/bin/mawk
configure:4573: result: mawk
configure:4584: checking whether make sets $(MAKE)
configure:4606: result: yes
configure:4628: checking whether make supports the include directive
configure:4643: make -f confmf.GNU && cat confinc.out
this is the am__doit target
configure:4646: $? = 0
configure:4665: result: yes (GNU style)
configure:4698: checking whether make supports nested variables
configure:4715: result: yes
configure:4794: checking how to create a pax tar archive
configure:4805: tar --version
tar (GNU tar) 1.30
Copyright (C) 2017 Free Software Foundation, Inc.
License GPLv3+: GNU GPL version 3 or later <https://gnu.org/licenses/gpl.html>.
This is free software: you are free to change and redistribute it.
There is NO WARRANTY, to the extent permitted by law.

Written by John Gilmore and Jay Fenlason.
configure:4808: $? = 0
configure:4848: tardir=conftest.dir && eval tar --format=posix -chf - "$tardir" >conftest.tar
configure:4851: $? = 0
configure:4855: tar -xf - <conftest.tar
configure:4858: $? = 0
configure:4860: cat conftest.dir/file
GrepMe
configure:4863: $? = 0
configure:4876: result: gnutar
configure:4885: checking dependency style of gcc
configure:4996: result: gcc3
configure:5055: checking whether to enable maintainer-specific portions of Makefiles
configure:5064: result: no
configure:5088: checking whether make supports nested variables
configure:5105: result: yes
configure:5118: checking for a sed that does not truncate output
configure:5182: result: /usr/bin/sed
configure:5191: checking for gawk
configure:5218: result: mawk
configure:5277: checking for gcc
configure:5304: result: gcc
configure:5533: checking for C compiler version
configure:5542: gcc --version >&5
gcc (Debian 8.3.0-6) 8.3.0
Copyright (C) 2018 Free Software Foundation, Inc.
This is free software; see the source for copying conditions.  There is NO
warranty; not even for MERCHANTABILITY or FITNESS FOR A PARTICULAR PURPOSE.

configure:5553: $? = 0
configure:5542: gcc -v >&5
Using built-in specs.
COLLECT_GCC=gcc
COLLECT_LTO_WRAPPER=/usr/lib/gcc/x86_64-linux-gnu/8/lto-wrapper
OFFLOAD_TARGET_NAMES=nvptx-none
OFFLOAD_TARGET_DEFAULT=1
Target: x86_64-linux-gnu
Configured with: ../src/configure -v --with-pkgversion='Debian 8.3.0-6' --with-bugurl=file:///usr/share/doc/gcc-8/README.Bugs --enable-languages=c,ada,c++,go,brig,d,fortran,objc,obj-c++ --prefix=/usr --with-gcc-major-version-only --program-suffix=-8 --program-prefix=x86_64-linux-gnu- --enable-shared --enable-linker-build-id --libexecdir=/usr/lib --without-included-gettext --enable-threads=posix --libdir=/usr/lib --enable-nls --enable-bootstrap --enable-clocale=gnu --enable-libstdcxx-debug --enable-libstdcxx-time=yes --with-default-libstdcxx-abi=new --enable-gnu-unique-object --disable-vtable-verify --enable-libmpx --enable-plugin --enable-default-pie --with-system-zlib --with-target-system-zlib --enable-objc-gc=auto --enable-multiarch --disable-werror --with-arch-32=i686 --with-abi=m64 --with-multilib-list=m32,m64,mx32 --enable-multilib --with-tune=generic --enable-offload-targets=nvptx-none --without-cuda-driver --enable-checking=release --build=x86_64-linux-gnu --host=x86_64-linux-gnu --target=x86_64-linux-gnu
Thread model: posix
gcc version 8.3.0 (Debian 8.3.0-6) 
configure:5553: $? = 0
configure:5542: gcc -V >&5
gcc: error: unrecognized command line option '-V'
gcc: fatal error: no input files
compilation terminated.
configure:5553: $? = 1
configure:5542: gcc -qversion >&5
gcc: error: unrecognized command line option '-qversion'; did you mean '--version'?
gcc: fatal error: no input files
compilation terminated.
configure:5553: $? = 1
configure:5557: checking whether we are using the GNU C compiler
configure:5585: result: yes
configure:5594: checking whether gcc accepts -g
configure:5655: result: yes
configure:5672: checking for gcc option to accept ISO C89
configure:5748: result: none needed
configure:5773: checking whether gcc understands -c and -o together
configure:5810: result: yes
configure:5832: checking how to run the C preprocessor
configure:5902: result: gcc -E
configure:5922: gcc -E  conftest.c
configure:5922: $? = 0
configure:5936: gcc -E  conftest.c
conftest.c:26:10: fatal error: ac_nonexistent.h: No such file or directory
 #include <ac_nonexistent.h>
          ^~~~~~~~~~~~~~~~~~
compilation terminated.
configure:5936: $? = 1
configure: failed program was:
| /* confdefs.h */
| #define PACKAGE_NAME "blackbox"
| #define PACKAGE_TARNAME "blackbox"
| #define PACKAGE_VERSION "0.75"
| #define PACKAGE_STRING "blackbox 0.75"
| #define PACKAGE_BUGREPORT "http://github.com/bbidulock/blackboxwm"
| #define PACKAGE_URL "http://github.com/bbidulock/blackboxwm/issues"
| #define STDC_HEADERS 1
| #define HAVE_SYS_TYPES_H 1
| #define HAVE_SYS_STAT_H 1
| #define HAVE_STDLIB_H 1
| #define HAVE_STRING_H 1
| #define HAVE_MEMORY_H 1
| #define HAVE_STRINGS_H 1
| #define HAVE_INTTYPES_H 1
| #define HAVE_STDINT_H 1
| #define HAVE_UNISTD_H 1
| #define __EXTENSIONS__ 1
| #define _ALL_SOURCE 1
| #define _GNU_SOURCE 1
| #define _POSIX_PTHREAD_SEMANTICS 1
| #define _TANDEM_SOURCE 1
| #define PACKAGE "blackbox"
| #define VERSION "0.75"
| /* end confdefs.h.  */
| #include <ac_nonexistent.h>
configure:6022: checking for g++
configure:6038: found /usr/bin/g++
configure:6049: result: g++
configure:6076: checking for C++ compiler version
configure:6085: g++ --version >&5
g++ (Debian 8.3.0-6) 8.3.0
Copyright (C) 2018 Free Software Foundation, Inc.
This is free software; see the source for copying conditions.  There is NO
warranty; not even for MERCHANTABILITY or FITNESS FOR A PARTICULAR PURPOSE.

configure:6096: $? = 0
configure:6085: g++ -v >&5
Using built-in specs.
COLLECT_GCC=g++
COLLECT_LTO_WRAPPER=/usr/lib/gcc/x86_64-linux-gnu/8/lto-wrapper
OFFLOAD_TARGET_NAMES=nvptx-none
OFFLOAD_TARGET_DEFAULT=1
Target: x86_64-linux-gnu
Configured with: ../src/configure -v --with-pkgversion='Debian 8.3.0-6' --with-bugurl=file:///usr/share/doc/gcc-8/README.Bugs --enable-languages=c,ada,c++,go,brig,d,fortran,objc,obj-c++ --prefix=/usr --with-gcc-major-version-only --program-suffix=-8 --program-prefix=x86_64-linux-gnu- --enable-shared --enable-linker-build-id --libexecdir=/usr/lib --without-included-gettext --enable-threads=posix --libdir=/usr/lib --enable-nls --enable-bootstrap --enable-clocale=gnu --enable-libstdcxx-debug --enable-libstdcxx-time=yes --with-default-libstdcxx-abi=new --enable-gnu-unique-object --disable-vtable-verify --enable-libmpx --enable-plugin --enable-default-pie --with-system-zlib --with-target-system-zlib --enable-objc-gc=auto --enable-multiarch --disable-werror --with-arch-32=i686 --with-abi=m64 --with-multilib-list=m32,m64,mx32 --enable-multilib --with-tune=generic --enable-offload-targets=nvptx-none --without-cuda-driver --enable-checking=release --build=x86_64-linux-gnu --host=x86_64-linux-gnu --target=x86_64-linux-gnu
Thread model: posix
gcc version 8.3.0 (Debian 8.3.0-6) 
configure:6096: $? = 0
configure:6085: g++ -V >&5
g++: error: unrecognized command line option '-V'
g++: fatal error: no input files
compilation terminated.
configure:6096: $? = 1
configure:6085: g++ -qversion >&5
g++: error: unrecognized command line option '-qversion'; did you mean '--version'?
g++: fatal error: no input files
compilation terminated.
configure:6096: $? = 1
configure:6100: checking whether we are using the GNU C++ compiler
configure:6119: g++ -c   conftest.cpp >&5
configure:6119: $? = 0
configure:6128: result: yes
configure:6137: checking whether g++ accepts -g
configure:6157: g++ -c -g  conftest.cpp >&5
configure:6157: $? = 0
configure:6198: result: yes
configure:6223: checking dependency style of g++
configure:6334: result: gcc3
configure:6350: checking whether ln -s works
configure:6354: result: yes
configure:6361: checking whether make sets $(MAKE)
configure:6383: result: yes
configure:6441: checking for ar
configure:6457: found /usr/bin/ar
configure:6468: result: ar
configure:6494: checking the archiver (ar) interface
configure:6510: gcc -c -g -O2  conftest.c >&5
configure:6510: $? = 0
configure:6512: ar cru libconftest.a conftest.o >&5
ar: `u' modifier ignored since `D' is the default (see `U')
configure:6515: $? = 0
configure:6514: result: ar
configure:6542: checking for markdown
configure:6572: result: no
configure:6587: checking for asciidoc
configure:6603: found /usr/bin/asciidoc
configure:6614: result: asciidoc
configure:6642: checking for a2x
configure:6658: found /usr/bin/a2x
configure:6669: result: a2x
configure:6697: checking for lynx
configure:6713: found /usr/bin/lynx
configure:6724: result: lynx
configure:6771: checking for a sed that does not truncate output
configure:6835: result: /usr/bin/sed
configure:6853: checking for fgrep
configure:6915: result: /usr/bin/grep -F
configure:6942: checking how to print strings
configure:6969: result: printf
configure:7002: checking for ld used by gcc
configure:7069: result: /usr/bin/ld
configure:7076: checking if the linker (/usr/bin/ld) is GNU ld
configure:7091: result: yes
configure:7146: checking for BSD- or MS-compatible name lister (nm)
configure:7200: result: /usr/bin/nm -B
configure:7330: checking the name lister (/usr/bin/nm -B) interface
configure:7337: gcc -c -g -O2  conftest.c >&5
configure:7340: /usr/bin/nm -B "conftest.o"
configure:7343: output
0000000000000000 B some_variable
configure:7344: result: BSD nm
configure:7348: checking the maximum length of command line arguments
configure:7479: result: 1572864
configure:7527: checking how to convert x86_64-pc-linux-gnu file names to x86_64-pc-linux-gnu format
configure:7567: result: func_convert_file_noop
configure:7574: checking how to convert x86_64-pc-linux-gnu file names to toolchain format
configure:7594: result: func_convert_file_noop
configure:7601: checking for /usr/bin/ld option to reload object files
configure:7608: result: -r
configure:7682: checking for objdump
configure:7698: found /usr/bin/objdump
configure:7709: result: objdump
configure:7741: checking how to recognize dependent libraries
configure:7941: result: pass_all
configure:8026: checking for dlltool
configure:8056: result: no
configure:8086: checking how to associate runtime and link libraries
configure:8113: result: printf %s\n
configure:8237: checking for archiver @FILE support
configure:8254: gcc -c -g -O2  conftest.c >&5
configure:8254: $? = 0
configure:8257: ar cru libconftest.a @conftest.lst >&5
ar: `u' modifier ignored since `D' is the default (see `U')
configure:8260: $? = 0
configure:8265: ar cru libconftest.a @conftest.lst >&5
ar: `u' modifier ignored since `D' is the default (see `U')
ar: conftest.o: No such file or directory
configure:8268: $? = 1
configure:8267: result: @
configure:8325: checking for strip
configure:8341: found /usr/bin/strip
configure:8352: result: strip
configure:8424: checking for ranlib
configure:8440: found /usr/bin/ranlib
configure:8451: result: ranlib
configure:8553: checking command to parse /usr/bin/nm -B output from gcc object
configure:8706: gcc -c -g -O2  conftest.c >&5
configure:8709: $? = 0
configure:8713: /usr/bin/nm -B conftest.o | sed -n -e 's/^.*[	 ]\([ABCDGIRSTW][ABCDGIRSTW]*\)[	 ][	 ]*\([_A-Za-z][_A-Za-z0-9]*\)$/\1 \2 \2/p' | sed '/ __gnu_lto/d' > conftest.nm
configure:8779: gcc -o conftest -g -O2   conftest.c conftstm.o >&5
configure:8782: $? = 0
configure:8820: result: ok
configure:8867: checking for sysroot
configure:8897: result: no
configure:8904: checking for a working dd
configure:8942: result: /usr/bin/dd
configure:8946: checking how to truncate binary pipes
configure:8961: result: /usr/bin/dd bs=4096 count=1
configure:9097: gcc -c -g -O2  conftest.c >&5
configure:9100: $? = 0
configure:9290: checking for mt
configure:9306: found /usr/bin/mt
configure:9317: result: mt
configure:9340: checking if mt is a manifest tool
configure:9346: mt '-?'
configure:9354: result: no
configure:10028: checking for dlfcn.h
configure:10028: gcc -c -g -O2  conftest.c >&5
configure:10028: $? = 0
configure:10028: result: yes
configure:10265: checking for objdir
configure:10280: result: .libs
configure:10544: checking if gcc supports -fno-rtti -fno-exceptions
configure:10562: gcc -c -g -O2  -fno-rtti -fno-exceptions conftest.c >&5
cc1: warning: command line option '-fno-rtti' is valid for C++/ObjC++ but not for C
configure:10566: $? = 0
configure:10579: result: no
configure:10937: checking for gcc option to produce PIC
configure:10944: result: -fPIC -DPIC
configure:10952: checking if gcc PIC flag -fPIC -DPIC works
configure:10970: gcc -c -g -O2  -fPIC -DPIC -DPIC conftest.c >&5
configure:10974: $? = 0
configure:10987: result: yes
configure:11016: checking if gcc static flag -static works
configure:11044: result: yes
configure:11059: checking if gcc supports -c -o file.o
configure:11080: gcc -c -g -O2  -o out/conftest2.o conftest.c >&5
configure:11084: $? = 0
configure:11106: result: yes
configure:11114: checking if gcc supports -c -o file.o
configure:11161: result: yes
configure:11194: checking whether the gcc linker (/usr/bin/ld -m elf_x86_64) supports shared libraries
configure:12457: result: yes
configure:12697: checking dynamic linker characteristics
configure:13278: gcc -o conftest -g -O2   -Wl,-rpath -Wl,/foo conftest.c  >&5
configure:13278: $? = 0
configure:13527: result: GNU/Linux ld.so
configure:13649: checking how to hardcode library paths into programs
configure:13674: result: immediate
configure:14222: checking whether stripping libraries is possible
configure:14227: result: yes
configure:14262: checking if libtool supports shared libraries
configure:14264: result: yes
configure:14267: checking whether to build shared libraries
configure:14292: result: no
configure:14295: checking whether to build static libraries
configure:14299: result: yes
configure:11098: checking how to run the C++ preprocessor
configure:11125: g++ -E  conftest.cpp
configure:11125: $? = 0
configure:11139: g++ -E  conftest.cpp
conftest.cpp:28:10: fatal error: ac_nonexistent.h: No such file or directory
 #include <ac_nonexistent.h>
          ^~~~~~~~~~~~~~~~~~
compilation terminated.
configure:11139: $? = 1
configure: failed program was:
| /* confdefs.h */
| #define PACKAGE_NAME "blackbox"
| #define PACKAGE_TARNAME "blackbox"
| #define PACKAGE_VERSION "0.75"
| #define PACKAGE_STRING "blackbox 0.75"
| #define PACKAGE_BUGREPORT "http://github.com/bbidulock/blackboxwm"
| #define PACKAGE_URL "http://github.com/bbidulock/blackboxwm/issues"
| #define STDC_HEADERS 1
| #define HAVE_SYS_TYPES_H 1
| #define HAVE_SYS_STAT_H 1
| #define HAVE_STDLIB_H 1
| #define HAVE_STRING_H 1
| #define HAVE_MEMORY_H 1
| #define HAVE_STRINGS_H 1
| #define HAVE_INTTYPES_H 1
| #define HAVE_STDINT_H 1
| #define HAVE_UNISTD_H 1
| #define __EXTENSIONS__ 1
| #define _ALL_SOURCE 1
| #define _GNU_SOURCE 1
| #define _POSIX_PTHREAD_SEMANTICS 1
| #define _TANDEM_SOURCE 1
| #define PACKAGE "blackbox"
| #define VERSION "0.75"
| #define HAVE_DLFCN_H 1
| #define LT_OBJDIR ".libs/"
| /* end confdefs.h.  */
| #include <ac_nonexistent.h>
configure:11164: result: g++ -E
configure:11184: g++ -E  conftest.cpp
configure:11184: $? = 0
configure:11198: g++ -E  conftest.cpp
conftest.cpp:28:10: fatal error: ac_nonexistent.h: No such file or directory
 #include <ac_nonexistent.h>
          ^~~~~~~~~~~~~~~~~~
compilation terminated.
configure:11198: $? = 1
configure: failed program was:
| /* confdefs.h */
| #define PACKAGE_NAME "blackbox"
| #define PACKAGE_TARNAME "blackbox"
| #define PACKAGE_VERSION "0.75"
| #define PACKAGE_STRING "blackbox 0.75"
| #define PACKAGE_BUGREPORT "http://github.com/bbidulock/blackboxwm"
| #define PACKAGE_URL "http://github.com/bbidulock/blackboxwm/issues"
| #define STDC_HEADERS 1
| #define HAVE_SYS_TYPES_H 1
| #define HAVE_SYS_STAT_H 1
| #define HAVE_STDLIB_H 1
| #define HAVE_STRING_H 1
| #define HAVE_MEMORY_H 1
| #define HAVE_STRINGS_H 1
| #define HAVE_INTTYPES_H 1
| #define HAVE_STDINT_H 1
| #define HAVE_UNISTD_H 1
| #define __EXTENSIONS__ 1
| #define _ALL_SOURCE 1
| #define _GNU_SOURCE 1
| #define _POSIX_PTHREAD_SEMANTICS 1
| #define _TANDEM_SOURCE 1
| #define PACKAGE "blackbox"
| #define VERSION "0.75"
| #define HAVE_DLFCN_H 1
| #define LT_OBJDIR ".libs/"
| /* end confdefs.h.  */
| #include <ac_nonexistent.h>
configure:11360: checking for ld used by g++
configure:11427: result: /usr/bin/ld -m elf_x86_64
configure:11434: checking if the linker (/usr/bin/ld -m elf_x86_64) is GNU ld
configure:11449: result: yes
configure:11504: checking whether the g++ linker (/usr/bin/ld -m elf_x86_64) supports shared libraries
configure:12577: result: yes
configure:12613: g++ -c -g -O2  conftest.cpp >&5
configure:12616: $? = 0
configure:13097: checking for g++ option to produce PIC
configure:13104: result: -fPIC -DPIC
configure:13112: checking if g++ PIC flag -fPIC -DPIC works
configure:13130: g++ -c -g -O2  -fPIC -DPIC -DPIC conftest.cpp >&5
configure:13134: $? = 0
configure:13147: result: yes
configure:13170: checking if g++ static flag -static works
configure:13198: result: yes
configure:13210: checking if g++ supports -c -o file.o
configure:13231: g++ -c -g -O2  -o out/conftest2.o conftest.cpp >&5
configure:13235: $? = 0
configure:13257: result: yes
configure:13262: checking if g++ supports -c -o file.o
configure:13309: result: yes
configure:13339: checking whether the g++ linker (/usr/bin/ld -m elf_x86_64) supports shared libraries
configure:13382: result: yes
configure:13523: checking dynamic linker characteristics
configure:14280: result: GNU/Linux ld.so
configure:14345: checking how to hardcode library paths into programs
configure:14370: result: immediate
configure:13267: checking whether NLS is requested
configure:13276: result: no
configure:13316: checking for msgfmt
configure:13351: result: no
configure:13357: checking for gmsgfmt
configure:13388: result: :
configure:13438: checking for xgettext
configure:13473: result: no
configure:13515: checking for msgmerge
configure:13549: result: no
configure:13604: checking for ld used by gcc
configure:13671: result: /usr/bin/ld -m elf_x86_64
configure:13678: checking if the linker (/usr/bin/ld -m elf_x86_64) is GNU ld
configure:13693: result: yes
configure:13700: checking for shared library run path origin
configure:13713: result: done
configure:14285: checking for CFPreferencesCopyAppValue
configure:14303: gcc -o conftest -g -O2   conftest.c  -Wl,-framework -Wl,CoreFoundation >&5
conftest.c:28:10: fatal error: CoreFoundation/CFPreferences.h: No such file or directory
 #include <CoreFoundation/CFPreferences.h>
          ^~~~~~~~~~~~~~~~~~~~~~~~~~~~~~~~
compilation terminated.
configure:14303: $? = 1
configure: failed program was:
| /* confdefs.h */
| #define PACKAGE_NAME "blackbox"
| #define PACKAGE_TARNAME "blackbox"
| #define PACKAGE_VERSION "0.75"
| #define PACKAGE_STRING "blackbox 0.75"
| #define PACKAGE_BUGREPORT "http://github.com/bbidulock/blackboxwm"
| #define PACKAGE_URL "http://github.com/bbidulock/blackboxwm/issues"
| #define STDC_HEADERS 1
| #define HAVE_SYS_TYPES_H 1
| #define HAVE_SYS_STAT_H 1
| #define HAVE_STDLIB_H 1
| #define HAVE_STRING_H 1
| #define HAVE_MEMORY_H 1
| #define HAVE_STRINGS_H 1
| #define HAVE_INTTYPES_H 1
| #define HAVE_STDINT_H 1
| #define HAVE_UNISTD_H 1
| #define __EXTENSIONS__ 1
| #define _ALL_SOURCE 1
| #define _GNU_SOURCE 1
| #define _POSIX_PTHREAD_SEMANTICS 1
| #define _TANDEM_SOURCE 1
| #define PACKAGE "blackbox"
| #define VERSION "0.75"
| #define HAVE_DLFCN_H 1
| #define LT_OBJDIR ".libs/"
| /* end confdefs.h.  */
| #include <CoreFoundation/CFPreferences.h>
| int
| main ()
| {
| CFPreferencesCopyAppValue(NULL, NULL)
|   ;
|   return 0;
| }
configure:14312: result: no
configure:14319: checking for CFLocaleCopyCurrent
configure:14337: gcc -o conftest -g -O2   conftest.c  -Wl,-framework -Wl,CoreFoundation >&5
conftest.c:28:10: fatal error: CoreFoundation/CFLocale.h: No such file or directory
 #include <CoreFoundation/CFLocale.h>
          ^~~~~~~~~~~~~~~~~~~~~~~~~~~
compilation terminated.
configure:14337: $? = 1
configure: failed program was:
| /* confdefs.h */
| #define PACKAGE_NAME "blackbox"
| #define PACKAGE_TARNAME "blackbox"
| #define PACKAGE_VERSION "0.75"
| #define PACKAGE_STRING "blackbox 0.75"
| #define PACKAGE_BUGREPORT "http://github.com/bbidulock/blackboxwm"
| #define PACKAGE_URL "http://github.com/bbidulock/blackboxwm/issues"
| #define STDC_HEADERS 1
| #define HAVE_SYS_TYPES_H 1
| #define HAVE_SYS_STAT_H 1
| #define HAVE_STDLIB_H 1
| #define HAVE_STRING_H 1
| #define HAVE_MEMORY_H 1
| #define HAVE_STRINGS_H 1
| #define HAVE_INTTYPES_H 1
| #define HAVE_STDINT_H 1
| #define HAVE_UNISTD_H 1
| #define __EXTENSIONS__ 1
| #define _ALL_SOURCE 1
| #define _GNU_SOURCE 1
| #define _POSIX_PTHREAD_SEMANTICS 1
| #define _TANDEM_SOURCE 1
| #define PACKAGE "blackbox"
| #define VERSION "0.75"
| #define HAVE_DLFCN_H 1
| #define LT_OBJDIR ".libs/"
| /* end confdefs.h.  */
| #include <CoreFoundation/CFLocale.h>
| int
| main ()
| {
| CFLocaleCopyCurrent();
|   ;
|   return 0;
| }
configure:14346: result: no
configure:15280: checking whether to use NLS
configure:15282: result: no
configure:15415: checking for pkg-config
configure:15433: found /usr/bin/pkg-config
configure:15445: result: /usr/bin/pkg-config
configure:15470: checking pkg-config is at least version 0.14.0
configure:15473: result: yes
configure:15487: checking for ANSI C header files
configure:15591: result: yes
configure:15599: checking for X
configure:15707: g++ -E  conftest.cpp
configure:15707: $? = 0
configure:15738: g++ -o conftest -g -O2   conftest.cpp -lX11  >&5
configure:15738: $? = 0
configure:15788: result: libraries , headers 
configure:15887: g++ -o conftest -g -O2   conftest.cpp   -lX11 >&5
configure:15887: $? = 0
configure:15985: checking for gethostbyname
configure:15985: g++ -o conftest -g -O2   conftest.cpp  >&5
configure:15985: $? = 0
configure:15985: result: yes
configure:16082: checking for connect
configure:16082: g++ -o conftest -g -O2   conftest.cpp  >&5
configure:16082: $? = 0
configure:16082: result: yes
configure:16131: checking for remove
configure:16131: g++ -o conftest -g -O2   conftest.cpp  >&5
configure:16131: $? = 0
configure:16131: result: yes
configure:16180: checking for shmat
configure:16180: g++ -o conftest -g -O2   conftest.cpp  >&5
configure:16180: $? = 0
configure:16180: result: yes
configure:16238: checking for IceConnectionNumber in -lICE
configure:16263: g++ -o conftest -g -O2   conftest.cpp -lICE   >&5
configure:16263: $? = 0
configure:16272: result: yes
configure:16285: checking fcntl.h usability
configure:16285: g++ -c -g -O2  conftest.cpp >&5
configure:16285: $? = 0
configure:16285: result: yes
configure:16285: checking fcntl.h presence
configure:16285: g++ -E  conftest.cpp
configure:16285: $? = 0
configure:16285: result: yes
configure:16285: checking for fcntl.h
configure:16285: result: yes
configure:16285: checking langinfo.h usability
configure:16285: g++ -c -g -O2  conftest.cpp >&5
configure:16285: $? = 0
configure:16285: result: yes
configure:16285: checking langinfo.h presence
configure:16285: g++ -E  conftest.cpp
configure:16285: $? = 0
configure:16285: result: yes
configure:16285: checking for langinfo.h
configure:16285: result: yes
configure:16285: checking limits.h usability
configure:16285: g++ -c -g -O2  conftest.cpp >&5
configure:16285: $? = 0
configure:16285: result: yes
configure:16285: checking limits.h presence
configure:16285: g++ -E  conftest.cpp
configure:16285: $? = 0
configure:16285: result: yes
configure:16285: checking for limits.h
configure:16285: result: yes
configure:16285: checking locale.h usability
configure:16285: g++ -c -g -O2  conftest.cpp >&5
configure:16285: $? = 0
configure:16285: result: yes
configure:16285: checking locale.h presence
configure:16285: g++ -E  conftest.cpp
configure:16285: $? = 0
configure:16285: result: yes
configure:16285: checking for locale.h
configure:16285: result: yes
configure:16285: checking for string.h
configure:16285: result: yes
configure:16285: checking sys/time.h usability
configure:16285: g++ -c -g -O2  conftest.cpp >&5
configure:16285: $? = 0
configure:16285: result: yes
configure:16285: checking sys/time.h presence
configure:16285: g++ -E  conftest.cpp
configure:16285: $? = 0
configure:16285: result: yes
configure:16285: checking for sys/time.h
configure:16285: result: yes
configure:16285: checking for unistd.h
configure:16285: result: yes
configure:16300: checking for stdbool.h that conforms to C99
configure:16367: g++ -c -g -O2  conftest.cpp >&5
conftest.cpp:39:15: error: expected unqualified-id before string constant
               "error: bool is not defined"
               ^~~~~~~~~~~~~~~~~~~~~~~~~~~~
conftest.cpp:57:48: error: 's' does not name a type
              struct s { _Bool s: 1; _Bool t; } s;
                                                ^
conftest.cpp:67:28: error: 's' was not declared in this scope
              char i[sizeof s.t];
                            ^
conftest.cpp: In function 'int main()':
conftest.cpp:85:24: error: 's' was not declared in this scope
              bool e = &s;
                        ^
conftest.cpp:89:63: error: 'i' was not declared in this scope
              return (!a + !b + !c + !d + !e + !f + !g + !h + !i + !!j + !k + !!l
                                                               ^
configure:16367: $? = 1
configure: failed program was:
| /* confdefs.h */
| #define PACKAGE_NAME "blackbox"
| #define PACKAGE_TARNAME "blackbox"
| #define PACKAGE_VERSION "0.75"
| #define PACKAGE_STRING "blackbox 0.75"
| #define PACKAGE_BUGREPORT "http://github.com/bbidulock/blackboxwm"
| #define PACKAGE_URL "http://github.com/bbidulock/blackboxwm/issues"
| #define STDC_HEADERS 1
| #define HAVE_SYS_TYPES_H 1
| #define HAVE_SYS_STAT_H 1
| #define HAVE_STDLIB_H 1
| #define HAVE_STRING_H 1
| #define HAVE_MEMORY_H 1
| #define HAVE_STRINGS_H 1
| #define HAVE_INTTYPES_H 1
| #define HAVE_STDINT_H 1
| #define HAVE_UNISTD_H 1
| #define __EXTENSIONS__ 1
| #define _ALL_SOURCE 1
| #define _GNU_SOURCE 1
| #define _POSIX_PTHREAD_SEMANTICS 1
| #define _TANDEM_SOURCE 1
| #define PACKAGE "blackbox"
| #define VERSION "0.75"
| #define HAVE_DLFCN_H 1
| #define LT_OBJDIR ".libs/"
| #define STDC_HEADERS 1
| #define HAVE_FCNTL_H 1
| #define HAVE_LANGINFO_H 1
| #define HAVE_LIMITS_H 1
| #define HAVE_LOCALE_H 1
| #define HAVE_STRING_H 1
| #define HAVE_SYS_TIME_H 1
| #define HAVE_UNISTD_H 1
| /* end confdefs.h.  */
| 
|              #include <stdbool.h>
|              #ifndef bool
|               "error: bool is not defined"
|              #endif
|              #ifndef false
|               "error: false is not defined"
|              #endif
|              #if false
|               "error: false is not 0"
|              #endif
|              #ifndef true
|               "error: true is not defined"
|              #endif
|              #if true != 1
|               "error: true is not 1"
|              #endif
|              #ifndef __bool_true_false_are_defined
|               "error: __bool_true_false_are_defined is not defined"
|              #endif
| 
|              struct s { _Bool s: 1; _Bool t; } s;
| 
|              char a[true == 1 ? 1 : -1];
|              char b[false == 0 ? 1 : -1];
|              char c[__bool_true_false_are_defined == 1 ? 1 : -1];
|              char d[(bool) 0.5 == true ? 1 : -1];
|              /* See body of main program for 'e'.  */
|              char f[(_Bool) 0.0 == false ? 1 : -1];
|              char g[true];
|              char h[sizeof (_Bool)];
|              char i[sizeof s.t];
|              enum { j = false, k = true, l = false * true, m = true * 256 };
|              /* The following fails for
|                 HP aC++/ANSI C B3910B A.05.55 [Dec 04 2003]. */
|              _Bool n[m];
|              char o[sizeof n == m * sizeof n[0] ? 1 : -1];
|              char p[-1 - (_Bool) 0 < 0 && -1 - (bool) 0 < 0 ? 1 : -1];
|              /* Catch a bug in an HP-UX C compiler.  See
|                 http://gcc.gnu.org/ml/gcc-patches/2003-12/msg02303.html
|                 http://lists.gnu.org/archive/html/bug-coreutils/2005-11/msg00161.html
|               */
|              _Bool q = true;
|              _Bool *pq = &q;
| 
| int
| main ()
| {
| 
|              bool e = &s;
|              *pq |= q;
|              *pq |= ! q;
|              /* Refer to every declared value, to avoid compiler optimizations.  */
|              return (!a + !b + !c + !d + !e + !f + !g + !h + !i + !!j + !k + !!l
|                      + !m + !n + !o + !p + !q + !pq);
| 
|   ;
|   return 0;
| }
configure:16374: result: no
configure:16376: checking for _Bool
configure:16376: g++ -c -g -O2  conftest.cpp >&5
conftest.cpp: In function 'int main()':
conftest.cpp:72:13: error: '_Bool' was not declared in this scope
 if (sizeof (_Bool))
             ^~~~~
conftest.cpp:72:13: note: suggested alternative: 'bool'
 if (sizeof (_Bool))
             ^~~~~
             bool
configure:16376: $? = 1
configure: failed program was:
| /* confdefs.h */
| #define PACKAGE_NAME "blackbox"
| #define PACKAGE_TARNAME "blackbox"
| #define PACKAGE_VERSION "0.75"
| #define PACKAGE_STRING "blackbox 0.75"
| #define PACKAGE_BUGREPORT "http://github.com/bbidulock/blackboxwm"
| #define PACKAGE_URL "http://github.com/bbidulock/blackboxwm/issues"
| #define STDC_HEADERS 1
| #define HAVE_SYS_TYPES_H 1
| #define HAVE_SYS_STAT_H 1
| #define HAVE_STDLIB_H 1
| #define HAVE_STRING_H 1
| #define HAVE_MEMORY_H 1
| #define HAVE_STRINGS_H 1
| #define HAVE_INTTYPES_H 1
| #define HAVE_STDINT_H 1
| #define HAVE_UNISTD_H 1
| #define __EXTENSIONS__ 1
| #define _ALL_SOURCE 1
| #define _GNU_SOURCE 1
| #define _POSIX_PTHREAD_SEMANTICS 1
| #define _TANDEM_SOURCE 1
| #define PACKAGE "blackbox"
| #define VERSION "0.75"
| #define HAVE_DLFCN_H 1
| #define LT_OBJDIR ".libs/"
| #define STDC_HEADERS 1
| #define HAVE_FCNTL_H 1
| #define HAVE_LANGINFO_H 1
| #define HAVE_LIMITS_H 1
| #define HAVE_LOCALE_H 1
| #define HAVE_STRING_H 1
| #define HAVE_SYS_TIME_H 1
| #define HAVE_UNISTD_H 1
| /* end confdefs.h.  */
| #include <stdio.h>
| #ifdef HAVE_SYS_TYPES_H
| # include <sys/types.h>
| #endif
| #ifdef HAVE_SYS_STAT_H
| # include <sys/stat.h>
| #endif
| #ifdef STDC_HEADERS
| # include <stdlib.h>
| # include <stddef.h>
| #else
| # ifdef HAVE_STDLIB_H
| #  include <stdlib.h>
| # endif
| #endif
| #ifdef HAVE_STRING_H
| # if !defined STDC_HEADERS && defined HAVE_MEMORY_H
| #  include <memory.h>
| # endif
| # include <string.h>
| #endif
| #ifdef HAVE_STRINGS_H
| # include <strings.h>
| #endif
| #ifdef HAVE_INTTYPES_H
| # include <inttypes.h>
| #endif
| #ifdef HAVE_STDINT_H
| # include <stdint.h>
| #endif
| #ifdef HAVE_UNISTD_H
| # include <unistd.h>
| #endif
| int
| main ()
| {
| if (sizeof (_Bool))
| 	 return 0;
|   ;
|   return 0;
| }
configure:16376: result: no
configure:16387: checking for inline
configure:16403: g++ -c -g -O2  conftest.cpp >&5
configure:16403: $? = 0
configure:16411: result: inline
configure:16429: checking for mode_t
configure:16429: g++ -c -g -O2  conftest.cpp >&5
configure:16429: $? = 0
configure:16429: g++ -c -g -O2  conftest.cpp >&5
conftest.cpp: In function 'int main()':
conftest.cpp:72:20: error: expected primary-expression before ')' token
 if (sizeof ((mode_t)))
                    ^
configure:16429: $? = 1
configure: failed program was:
| /* confdefs.h */
| #define PACKAGE_NAME "blackbox"
| #define PACKAGE_TARNAME "blackbox"
| #define PACKAGE_VERSION "0.75"
| #define PACKAGE_STRING "blackbox 0.75"
| #define PACKAGE_BUGREPORT "http://github.com/bbidulock/blackboxwm"
| #define PACKAGE_URL "http://github.com/bbidulock/blackboxwm/issues"
| #define STDC_HEADERS 1
| #define HAVE_SYS_TYPES_H 1
| #define HAVE_SYS_STAT_H 1
| #define HAVE_STDLIB_H 1
| #define HAVE_STRING_H 1
| #define HAVE_MEMORY_H 1
| #define HAVE_STRINGS_H 1
| #define HAVE_INTTYPES_H 1
| #define HAVE_STDINT_H 1
| #define HAVE_UNISTD_H 1
| #define __EXTENSIONS__ 1
| #define _ALL_SOURCE 1
| #define _GNU_SOURCE 1
| #define _POSIX_PTHREAD_SEMANTICS 1
| #define _TANDEM_SOURCE 1
| #define PACKAGE "blackbox"
| #define VERSION "0.75"
| #define HAVE_DLFCN_H 1
| #define LT_OBJDIR ".libs/"
| #define STDC_HEADERS 1
| #define HAVE_FCNTL_H 1
| #define HAVE_LANGINFO_H 1
| #define HAVE_LIMITS_H 1
| #define HAVE_LOCALE_H 1
| #define HAVE_STRING_H 1
| #define HAVE_SYS_TIME_H 1
| #define HAVE_UNISTD_H 1
| /* end confdefs.h.  */
| #include <stdio.h>
| #ifdef HAVE_SYS_TYPES_H
| # include <sys/types.h>
| #endif
| #ifdef HAVE_SYS_STAT_H
| # include <sys/stat.h>
| #endif
| #ifdef STDC_HEADERS
| # include <stdlib.h>
| # include <stddef.h>
| #else
| # ifdef HAVE_STDLIB_H
| #  include <stdlib.h>
| # endif
| #endif
| #ifdef HAVE_STRING_H
| # if !defined STDC_HEADERS && defined HAVE_MEMORY_H
| #  include <memory.h>
| # endif
| # include <string.h>
| #endif
| #ifdef HAVE_STRINGS_H
| # include <strings.h>
| #endif
| #ifdef HAVE_INTTYPES_H
| # include <inttypes.h>
| #endif
| #ifdef HAVE_STDINT_H
| # include <stdint.h>
| #endif
| #ifdef HAVE_UNISTD_H
| # include <unistd.h>
| #endif
| int
| main ()
| {
| if (sizeof ((mode_t)))
| 	    return 0;
|   ;
|   return 0;
| }
configure:16429: result: yes
configure:16440: checking for size_t
configure:16440: g++ -c -g -O2  conftest.cpp >&5
configure:16440: $? = 0
configure:16440: g++ -c -g -O2  conftest.cpp >&5
conftest.cpp: In function 'int main()':
conftest.cpp:72:20: error: expected primary-expression before ')' token
 if (sizeof ((size_t)))
                    ^
configure:16440: $? = 1
configure: failed program was:
| /* confdefs.h */
| #define PACKAGE_NAME "blackbox"
| #define PACKAGE_TARNAME "blackbox"
| #define PACKAGE_VERSION "0.75"
| #define PACKAGE_STRING "blackbox 0.75"
| #define PACKAGE_BUGREPORT "http://github.com/bbidulock/blackboxwm"
| #define PACKAGE_URL "http://github.com/bbidulock/blackboxwm/issues"
| #define STDC_HEADERS 1
| #define HAVE_SYS_TYPES_H 1
| #define HAVE_SYS_STAT_H 1
| #define HAVE_STDLIB_H 1
| #define HAVE_STRING_H 1
| #define HAVE_MEMORY_H 1
| #define HAVE_STRINGS_H 1
| #define HAVE_INTTYPES_H 1
| #define HAVE_STDINT_H 1
| #define HAVE_UNISTD_H 1
| #define __EXTENSIONS__ 1
| #define _ALL_SOURCE 1
| #define _GNU_SOURCE 1
| #define _POSIX_PTHREAD_SEMANTICS 1
| #define _TANDEM_SOURCE 1
| #define PACKAGE "blackbox"
| #define VERSION "0.75"
| #define HAVE_DLFCN_H 1
| #define LT_OBJDIR ".libs/"
| #define STDC_HEADERS 1
| #define HAVE_FCNTL_H 1
| #define HAVE_LANGINFO_H 1
| #define HAVE_LIMITS_H 1
| #define HAVE_LOCALE_H 1
| #define HAVE_STRING_H 1
| #define HAVE_SYS_TIME_H 1
| #define HAVE_UNISTD_H 1
| /* end confdefs.h.  */
| #include <stdio.h>
| #ifdef HAVE_SYS_TYPES_H
| # include <sys/types.h>
| #endif
| #ifdef HAVE_SYS_STAT_H
| # include <sys/stat.h>
| #endif
| #ifdef STDC_HEADERS
| # include <stdlib.h>
| # include <stddef.h>
| #else
| # ifdef HAVE_STDLIB_H
| #  include <stdlib.h>
| # endif
| #endif
| #ifdef HAVE_STRING_H
| # if !defined STDC_HEADERS && defined HAVE_MEMORY_H
| #  include <memory.h>
| # endif
| # include <string.h>
| #endif
| #ifdef HAVE_STRINGS_H
| # include <strings.h>
| #endif
| #ifdef HAVE_INTTYPES_H
| # include <inttypes.h>
| #endif
| #ifdef HAVE_STDINT_H
| # include <stdint.h>
| #endif
| #ifdef HAVE_UNISTD_H
| # include <unistd.h>
| #endif
| int
| main ()
| {
| if (sizeof ((size_t)))
| 	    return 0;
|   ;
|   return 0;
| }
configure:16440: result: yes
configure:16456: checking for pid_t
configure:16456: g++ -c -g -O2  conftest.cpp >&5
configure:16456: $? = 0
configure:16456: g++ -c -g -O2  conftest.cpp >&5
conftest.cpp: In function 'int main()':
conftest.cpp:72:19: error: expected primary-expression before ')' token
 if (sizeof ((pid_t)))
                   ^
configure:16456: $? = 1
configure: failed program was:
| /* confdefs.h */
| #define PACKAGE_NAME "blackbox"
| #define PACKAGE_TARNAME "blackbox"
| #define PACKAGE_VERSION "0.75"
| #define PACKAGE_STRING "blackbox 0.75"
| #define PACKAGE_BUGREPORT "http://github.com/bbidulock/blackboxwm"
| #define PACKAGE_URL "http://github.com/bbidulock/blackboxwm/issues"
| #define STDC_HEADERS 1
| #define HAVE_SYS_TYPES_H 1
| #define HAVE_SYS_STAT_H 1
| #define HAVE_STDLIB_H 1
| #define HAVE_STRING_H 1
| #define HAVE_MEMORY_H 1
| #define HAVE_STRINGS_H 1
| #define HAVE_INTTYPES_H 1
| #define HAVE_STDINT_H 1
| #define HAVE_UNISTD_H 1
| #define __EXTENSIONS__ 1
| #define _ALL_SOURCE 1
| #define _GNU_SOURCE 1
| #define _POSIX_PTHREAD_SEMANTICS 1
| #define _TANDEM_SOURCE 1
| #define PACKAGE "blackbox"
| #define VERSION "0.75"
| #define HAVE_DLFCN_H 1
| #define LT_OBJDIR ".libs/"
| #define STDC_HEADERS 1
| #define HAVE_FCNTL_H 1
| #define HAVE_LANGINFO_H 1
| #define HAVE_LIMITS_H 1
| #define HAVE_LOCALE_H 1
| #define HAVE_STRING_H 1
| #define HAVE_SYS_TIME_H 1
| #define HAVE_UNISTD_H 1
| /* end confdefs.h.  */
| #include <stdio.h>
| #ifdef HAVE_SYS_TYPES_H
| # include <sys/types.h>
| #endif
| #ifdef HAVE_SYS_STAT_H
| # include <sys/stat.h>
| #endif
| #ifdef STDC_HEADERS
| # include <stdlib.h>
| # include <stddef.h>
| #else
| # ifdef HAVE_STDLIB_H
| #  include <stdlib.h>
| # endif
| #endif
| #ifdef HAVE_STRING_H
| # if !defined STDC_HEADERS && defined HAVE_MEMORY_H
| #  include <memory.h>
| # endif
| # include <string.h>
| #endif
| #ifdef HAVE_STRINGS_H
| # include <strings.h>
| #endif
| #ifdef HAVE_INTTYPES_H
| # include <inttypes.h>
| #endif
| #ifdef HAVE_STDINT_H
| # include <stdint.h>
| #endif
| #ifdef HAVE_UNISTD_H
| # include <unistd.h>
| #endif
| int
| main ()
| {
| if (sizeof ((pid_t)))
| 	    return 0;
|   ;
|   return 0;
| }
configure:16456: result: yes
configure:16469: checking vfork.h usability
configure:16469: g++ -c -g -O2  conftest.cpp >&5
conftest.cpp:69:10: fatal error: vfork.h: No such file or directory
 #include <vfork.h>
          ^~~~~~~~~
compilation terminated.
configure:16469: $? = 1
configure: failed program was:
| /* confdefs.h */
| #define PACKAGE_NAME "blackbox"
| #define PACKAGE_TARNAME "blackbox"
| #define PACKAGE_VERSION "0.75"
| #define PACKAGE_STRING "blackbox 0.75"
| #define PACKAGE_BUGREPORT "http://github.com/bbidulock/blackboxwm"
| #define PACKAGE_URL "http://github.com/bbidulock/blackboxwm/issues"
| #define STDC_HEADERS 1
| #define HAVE_SYS_TYPES_H 1
| #define HAVE_SYS_STAT_H 1
| #define HAVE_STDLIB_H 1
| #define HAVE_STRING_H 1
| #define HAVE_MEMORY_H 1
| #define HAVE_STRINGS_H 1
| #define HAVE_INTTYPES_H 1
| #define HAVE_STDINT_H 1
| #define HAVE_UNISTD_H 1
| #define __EXTENSIONS__ 1
| #define _ALL_SOURCE 1
| #define _GNU_SOURCE 1
| #define _POSIX_PTHREAD_SEMANTICS 1
| #define _TANDEM_SOURCE 1
| #define PACKAGE "blackbox"
| #define VERSION "0.75"
| #define HAVE_DLFCN_H 1
| #define LT_OBJDIR ".libs/"
| #define STDC_HEADERS 1
| #define HAVE_FCNTL_H 1
| #define HAVE_LANGINFO_H 1
| #define HAVE_LIMITS_H 1
| #define HAVE_LOCALE_H 1
| #define HAVE_STRING_H 1
| #define HAVE_SYS_TIME_H 1
| #define HAVE_UNISTD_H 1
| /* end confdefs.h.  */
| #include <stdio.h>
| #ifdef HAVE_SYS_TYPES_H
| # include <sys/types.h>
| #endif
| #ifdef HAVE_SYS_STAT_H
| # include <sys/stat.h>
| #endif
| #ifdef STDC_HEADERS
| # include <stdlib.h>
| # include <stddef.h>
| #else
| # ifdef HAVE_STDLIB_H
| #  include <stdlib.h>
| # endif
| #endif
| #ifdef HAVE_STRING_H
| # if !defined STDC_HEADERS && defined HAVE_MEMORY_H
| #  include <memory.h>
| # endif
| # include <string.h>
| #endif
| #ifdef HAVE_STRINGS_H
| # include <strings.h>
| #endif
| #ifdef HAVE_INTTYPES_H
| # include <inttypes.h>
| #endif
| #ifdef HAVE_STDINT_H
| # include <stdint.h>
| #endif
| #ifdef HAVE_UNISTD_H
| # include <unistd.h>
| #endif
| #include <vfork.h>
configure:16469: result: no
configure:16469: checking vfork.h presence
configure:16469: g++ -E  conftest.cpp
conftest.cpp:36:10: fatal error: vfork.h: No such file or directory
 #include <vfork.h>
          ^~~~~~~~~
compilation terminated.
configure:16469: $? = 1
configure: failed program was:
| /* confdefs.h */
| #define PACKAGE_NAME "blackbox"
| #define PACKAGE_TARNAME "blackbox"
| #define PACKAGE_VERSION "0.75"
| #define PACKAGE_STRING "blackbox 0.75"
| #define PACKAGE_BUGREPORT "http://github.com/bbidulock/blackboxwm"
| #define PACKAGE_URL "http://github.com/bbidulock/blackboxwm/issues"
| #define STDC_HEADERS 1
| #define HAVE_SYS_TYPES_H 1
| #define HAVE_SYS_STAT_H 1
| #define HAVE_STDLIB_H 1
| #define HAVE_STRING_H 1
| #define HAVE_MEMORY_H 1
| #define HAVE_STRINGS_H 1
| #define HAVE_INTTYPES_H 1
| #define HAVE_STDINT_H 1
| #define HAVE_UNISTD_H 1
| #define __EXTENSIONS__ 1
| #define _ALL_SOURCE 1
| #define _GNU_SOURCE 1
| #define _POSIX_PTHREAD_SEMANTICS 1
| #define _TANDEM_SOURCE 1
| #define PACKAGE "blackbox"
| #define VERSION "0.75"
| #define HAVE_DLFCN_H 1
| #define LT_OBJDIR ".libs/"
| #define STDC_HEADERS 1
| #define HAVE_FCNTL_H 1
| #define HAVE_LANGINFO_H 1
| #define HAVE_LIMITS_H 1
| #define HAVE_LOCALE_H 1
| #define HAVE_STRING_H 1
| #define HAVE_SYS_TIME_H 1
| #define HAVE_UNISTD_H 1
| /* end confdefs.h.  */
| #include <vfork.h>
configure:16469: result: no
configure:16469: checking for vfork.h
configure:16469: result: no
configure:16482: checking for fork
configure:16482: g++ -o conftest -g -O2   conftest.cpp  >&5
conftest.cpp:59:6: warning: declaration of 'char fork()' conflicts with built-in declaration 'int fork()' [-Wbuiltin-declaration-mismatch]
 char fork ();
      ^~~~
configure:16482: $? = 0
configure:16482: result: yes
configure:16482: checking for vfork
configure:16482: g++ -o conftest -g -O2   conftest.cpp  >&5
configure:16482: $? = 0
configure:16482: result: yes
configure:16492: checking for working fork
configure:16514: g++ -o conftest -g -O2   conftest.cpp  >&5
configure:16514: $? = 0
configure:16514: ./conftest
configure:16514: $? = 0
configure:16524: result: yes
configure:16545: checking for working vfork
configure:16655: result: yes
configure:16680: checking for working strnlen
configure:16718: g++ -o conftest -g -O2   conftest.cpp  >&5
configure:16718: $? = 0
configure:16718: ./conftest
configure:16718: $? = 0
configure:16728: result: yes
configure:16740: checking for gethostname
configure:16740: g++ -o conftest -g -O2   conftest.cpp  >&5
configure:16740: $? = 0
configure:16740: result: yes
configure:16740: checking for gettimeofday
configure:16740: g++ -o conftest -g -O2   conftest.cpp  >&5
configure:16740: $? = 0
configure:16740: result: yes
configure:16740: checking for memmove
configure:16740: g++ -o conftest -g -O2   conftest.cpp  >&5
conftest.cpp:65:6: warning: declaration of 'char memmove()' conflicts with built-in declaration 'void* memmove(void*, const void*, long unsigned int)' [-Wbuiltin-declaration-mismatch]
 char memmove ();
      ^~~~~~~
configure:16740: $? = 0
configure:16740: result: yes
configure:16740: checking for memset
configure:16740: g++ -o conftest -g -O2   conftest.cpp  >&5
conftest.cpp:66:6: warning: declaration of 'char memset()' conflicts with built-in declaration 'void* memset(void*, int, long unsigned int)' [-Wbuiltin-declaration-mismatch]
 char memset ();
      ^~~~~~
configure:16740: $? = 0
configure:16740: result: yes
configure:16740: checking for mkdir
configure:16740: g++ -o conftest -g -O2   conftest.cpp  >&5
configure:16740: $? = 0
configure:16740: result: yes
configure:16740: checking for nl_langinfo
configure:16740: g++ -o conftest -g -O2   conftest.cpp  >&5
configure:16740: $? = 0
configure:16740: result: yes
configure:16740: checking for putenv
configure:16740: g++ -o conftest -g -O2   conftest.cpp  >&5
configure:16740: $? = 0
configure:16740: result: yes
configure:16740: checking for select
configure:16740: g++ -o conftest -g -O2   conftest.cpp  >&5
configure:16740: $? = 0
configure:16740: result: yes
configure:16740: checking for setlocale
configure:16740: g++ -o conftest -g -O2   conftest.cpp  >&5
configure:16740: $? = 0
configure:16740: result: yes
configure:16740: checking for sqrt
configure:16740: g++ -o conftest -g -O2   conftest.cpp  >&5
conftest.cpp:72:6: warning: declaration of 'char sqrt()' conflicts with built-in declaration 'double sqrt(double)' [-Wbuiltin-declaration-mismatch]
 char sqrt ();
      ^~~~
configure:16740: $? = 0
configure:16740: result: yes
configure:16740: checking for strcasecmp
configure:16740: g++ -o conftest -g -O2   conftest.cpp  >&5
conftest.cpp:73:6: warning: declaration of 'char strcasecmp()' conflicts with built-in declaration 'int strcasecmp(const char*, const char*)' [-Wbuiltin-declaration-mismatch]
 char strcasecmp ();
      ^~~~~~~~~~
configure:16740: $? = 0
configure:16740: result: yes
configure:16740: checking for strncasecmp
configure:16740: g++ -o conftest -g -O2   conftest.cpp  >&5
conftest.cpp:74:6: warning: declaration of 'char strncasecmp()' conflicts with built-in declaration 'int strncasecmp(const char*, const char*, long unsigned int)' [-Wbuiltin-declaration-mismatch]
 char strncasecmp ();
      ^~~~~~~~~~~
configure:16740: $? = 0
configure:16740: result: yes
configure:16740: checking for strtol
configure:16740: g++ -o conftest -g -O2   conftest.cpp  >&5
configure:16740: $? = 0
configure:16740: result: yes
configure:16740: checking for strtoul
configure:16740: g++ -o conftest -g -O2   conftest.cpp  >&5
configure:16740: $? = 0
configure:16740: result: yes
configure:16756: checking for X11
configure:16763: $PKG_CONFIG --exists --print-errors "x11"
configure:16766: $? = 0
configure:16780: $PKG_CONFIG --exists --print-errors "x11"
configure:16783: $? = 0
configure:16841: result: yes
configure:16847: checking for XEXT
configure:16854: $PKG_CONFIG --exists --print-errors "xext"
configure:16857: $? = 0
configure:16871: $PKG_CONFIG --exists --print-errors "xext"
configure:16874: $? = 0
configure:16914: result: yes
configure:16925: checking for XShapeCombineShape in -lXext
configure:16950: g++ -o conftest -g -O2   conftest.cpp -lXext   >&5
configure:16950: $? = 0
configure:16959: result: yes
configure:16977: checking for XShmPutImage in -lXext
configure:17002: g++ -o conftest -g -O2   conftest.cpp -lXext   >&5
configure:17002: $? = 0
configure:17011: result: yes
configure:17031: checking for XFT
configure:17038: $PKG_CONFIG --exists --print-errors "xft >= 2.0.0"
configure:17041: $? = 0
configure:17055: $PKG_CONFIG --exists --print-errors "xft >= 2.0.0"
configure:17058: $? = 0
configure:17098: result: yes
configure:17326: checking that generated files are newer than configure
configure:17332: result: done
configure:17367: creating ./config.status

## ---------------------- ##
## Running config.status. ##
## ---------------------- ##

This file was extended by blackbox config.status 0.75, which was
generated by GNU Autoconf 2.69.  Invocation command line was

  CONFIG_FILES    = 
  CONFIG_HEADERS  = 
  CONFIG_LINKS    = 
  CONFIG_COMMANDS = 
  $ ./config.status 

on VD-IB-DEB10-DEV

config.status:1252: creating version.h
config.status:1252: creating Makefile
config.status:1252: creating po/Makefile.in
config.status:1252: creating data/Makefile
config.status:1252: creating data/styles/Makefile
config.status:1252: creating doc/Makefile
config.status:1252: creating doc/fr_FR/Makefile
config.status:1252: creating doc/ja_JP/Makefile
config.status:1252: creating doc/nl_NL/Makefile
config.status:1252: creating doc/sl_SI/Makefile
config.status:1252: creating lib/Makefile
config.status:1252: creating lib/libbt.pc
config.status:1252: creating src/Makefile
config.status:1252: creating util/Makefile
config.status:1252: creating config.h
config.status:1481: executing depfiles commands
config.status:1558: cd lib       && sed -e '/# am--include-marker/d' Makefile         | make -f - am--depfiles
make: Nothing to be done for 'am--depfiles'.
config.status:1563: $? = 0
config.status:1558: cd src       && sed -e '/# am--include-marker/d' Makefile         | make -f - am--depfiles
make: Nothing to be done for 'am--depfiles'.
config.status:1563: $? = 0
config.status:1558: cd util       && sed -e '/# am--include-marker/d' Makefile         | make -f - am--depfiles
make: Nothing to be done for 'am--depfiles'.
config.status:1563: $? = 0
config.status:1481: executing libtool commands
config.status:1481: executing po-directories commands

## ---------------- ##
## Cache variables. ##
## ---------------- ##

ac_cv_build=x86_64-pc-linux-gnu
ac_cv_c_compiler_gnu=yes
ac_cv_c_inline=inline
ac_cv_cxx_compiler_gnu=yes
ac_cv_env_ASCIIDOC_BACKEND_set=
ac_cv_env_ASCIIDOC_BACKEND_value=
ac_cv_env_ASCIIDOC_set=
ac_cv_env_ASCIIDOC_value=
ac_cv_env_ASCIIMAN_FORMAT_set=
ac_cv_env_ASCIIMAN_FORMAT_value=
ac_cv_env_ASCIIMAN_set=
ac_cv_env_ASCIIMAN_value=
ac_cv_env_CCC_set=
ac_cv_env_CCC_value=
ac_cv_env_CC_set=
ac_cv_env_CC_value=
ac_cv_env_CFLAGS_set=
ac_cv_env_CFLAGS_value=
ac_cv_env_CPPFLAGS_set=
ac_cv_env_CPPFLAGS_value=
ac_cv_env_CPP_set=
ac_cv_env_CPP_value=
ac_cv_env_CXXCPP_set=
ac_cv_env_CXXCPP_value=
ac_cv_env_CXXFLAGS_set=
ac_cv_env_CXXFLAGS_value=
ac_cv_env_CXX_set=
ac_cv_env_CXX_value=
ac_cv_env_LDFLAGS_set=
ac_cv_env_LDFLAGS_value=
ac_cv_env_LD_set=
ac_cv_env_LD_value=
ac_cv_env_LIBS_set=
ac_cv_env_LIBS_value=
ac_cv_env_LINKS_set=
ac_cv_env_LINKS_value=
ac_cv_env_LT_SYS_LIBRARY_PATH_set=
ac_cv_env_LT_SYS_LIBRARY_PATH_value=
ac_cv_env_MARKDOWN_set=
ac_cv_env_MARKDOWN_value=
ac_cv_env_PKG_CONFIG_LIBDIR_set=
ac_cv_env_PKG_CONFIG_LIBDIR_value=
ac_cv_env_PKG_CONFIG_PATH_set=
ac_cv_env_PKG_CONFIG_PATH_value=
ac_cv_env_PKG_CONFIG_set=
ac_cv_env_PKG_CONFIG_value=
ac_cv_env_X11_CFLAGS_set=
ac_cv_env_X11_CFLAGS_value=
ac_cv_env_X11_LIBS_set=
ac_cv_env_X11_LIBS_value=
ac_cv_env_XEXT_CFLAGS_set=
ac_cv_env_XEXT_CFLAGS_value=
ac_cv_env_XEXT_LIBS_set=
ac_cv_env_XEXT_LIBS_value=
ac_cv_env_XFT_CFLAGS_set=
ac_cv_env_XFT_CFLAGS_value=
ac_cv_env_XFT_LIBS_set=
ac_cv_env_XFT_LIBS_value=
ac_cv_env_XMKMF_set=
ac_cv_env_XMKMF_value=
ac_cv_env_build_alias_set=
ac_cv_env_build_alias_value=
ac_cv_env_host_alias_set=
ac_cv_env_host_alias_value=
ac_cv_env_target_alias_set=
ac_cv_env_target_alias_value=
ac_cv_func_connect=yes
ac_cv_func_fork=yes
ac_cv_func_fork_works=yes
ac_cv_func_gethostbyname=yes
ac_cv_func_gethostname=yes
ac_cv_func_gettimeofday=yes
ac_cv_func_memmove=yes
ac_cv_func_memset=yes
ac_cv_func_mkdir=yes
ac_cv_func_nl_langinfo=yes
ac_cv_func_putenv=yes
ac_cv_func_remove=yes
ac_cv_func_select=yes
ac_cv_func_setlocale=yes
ac_cv_func_shmat=yes
ac_cv_func_sqrt=yes
ac_cv_func_strcasecmp=yes
ac_cv_func_strncasecmp=yes
ac_cv_func_strnlen_working=yes
ac_cv_func_strtol=yes
ac_cv_func_strtoul=yes
ac_cv_func_vfork=yes
ac_cv_func_vfork_works=yes
ac_cv_have_x='have_x=yes	ac_x_includes='\'''\''	ac_x_libraries='\'''\'''
ac_cv_header_dlfcn_h=yes
ac_cv_header_fcntl_h=yes
ac_cv_header_inttypes_h=yes
ac_cv_header_langinfo_h=yes
ac_cv_header_limits_h=yes
ac_cv_header_locale_h=yes
ac_cv_header_memory_h=yes
ac_cv_header_minix_config_h=no
ac_cv_header_stdbool_h=no
ac_cv_header_stdc=yes
ac_cv_header_stdint_h=yes
ac_cv_header_stdlib_h=yes
ac_cv_header_string_h=yes
ac_cv_header_strings_h=yes
ac_cv_header_sys_stat_h=yes
ac_cv_header_sys_time_h=yes
ac_cv_header_sys_types_h=yes
ac_cv_header_unistd_h=yes
ac_cv_header_vfork_h=no
ac_cv_host=x86_64-pc-linux-gnu
ac_cv_lib_ICE_IceConnectionNumber=yes
ac_cv_lib_Xext_XShapeCombineShape=yes
ac_cv_lib_Xext_XShmPutImage=yes
ac_cv_objext=o
ac_cv_path_EGREP='/usr/bin/grep -E'
ac_cv_path_FGREP='/usr/bin/grep -F'
ac_cv_path_GMSGFMT=:
ac_cv_path_GREP=/usr/bin/grep
ac_cv_path_MSGFMT=:
ac_cv_path_MSGMERGE=:
ac_cv_path_SED=/usr/bin/sed
ac_cv_path_XGETTEXT=:
ac_cv_path_ac_pt_PKG_CONFIG=/usr/bin/pkg-config
ac_cv_path_install='/usr/bin/install -c'
ac_cv_path_lt_DD=/usr/bin/dd
ac_cv_path_mkdir=/usr/bin/mkdir
ac_cv_prog_ASCIIDOC=asciidoc
ac_cv_prog_ASCIIMAN=a2x
ac_cv_prog_AWK=mawk
ac_cv_prog_CPP='gcc -E'
ac_cv_prog_CXXCPP='g++ -E'
ac_cv_prog_LINKS=lynx
ac_cv_prog_ac_ct_AR=ar
ac_cv_prog_ac_ct_CC=gcc
ac_cv_prog_ac_ct_CXX=g++
ac_cv_prog_ac_ct_MANIFEST_TOOL=mt
ac_cv_prog_ac_ct_OBJDUMP=objdump
ac_cv_prog_ac_ct_RANLIB=ranlib
ac_cv_prog_ac_ct_STRIP=strip
ac_cv_prog_cc_c89=
ac_cv_prog_cc_g=yes
ac_cv_prog_cxx_g=yes
ac_cv_prog_make_make_set=yes
ac_cv_safe_to_define___extensions__=yes
ac_cv_target=x86_64-pc-linux-gnu
ac_cv_type__Bool=no
ac_cv_type_mode_t=yes
ac_cv_type_pid_t=yes
ac_cv_type_size_t=yes
acl_cv_hardcode_direct=no
acl_cv_hardcode_libdir_flag_spec='${wl}-rpath ${wl}$libdir'
acl_cv_hardcode_libdir_separator=
acl_cv_hardcode_minus_L=no
acl_cv_libext=a
acl_cv_libname_spec='lib$name'
acl_cv_library_names_spec='$libname$shrext'
acl_cv_path_LD='/usr/bin/ld -m elf_x86_64'
acl_cv_prog_gnu_ld=yes
acl_cv_rpath=done
acl_cv_shlibext=so
acl_cv_wl=-Wl,
am_cv_CC_dependencies_compiler_type=gcc3
am_cv_CXX_dependencies_compiler_type=gcc3
am_cv_ar_interface=ar
am_cv_make_support_nested_variables=yes
am_cv_prog_cc_c_o=yes
am_cv_prog_tar_pax=gnutar
gt_cv_func_CFLocaleCopyCurrent=no
gt_cv_func_CFPreferencesCopyAppValue=no
lt_cv_ar_at_file=@
lt_cv_deplibs_check_method=pass_all
lt_cv_file_magic_cmd='$MAGIC_CMD'
lt_cv_file_magic_test_file=
lt_cv_ld_reload_flag=-r
lt_cv_nm_interface='BSD nm'
lt_cv_objdir=.libs
lt_cv_path_LD=/usr/bin/ld
lt_cv_path_LDCXX='/usr/bin/ld -m elf_x86_64'
lt_cv_path_NM='/usr/bin/nm -B'
lt_cv_path_mainfest_tool=no
lt_cv_prog_compiler_c_o=yes
lt_cv_prog_compiler_c_o_CXX=yes
lt_cv_prog_compiler_pic='-fPIC -DPIC'
lt_cv_prog_compiler_pic_CXX='-fPIC -DPIC'
lt_cv_prog_compiler_pic_works=yes
lt_cv_prog_compiler_pic_works_CXX=yes
lt_cv_prog_compiler_rtti_exceptions=no
lt_cv_prog_compiler_static_works=yes
lt_cv_prog_compiler_static_works_CXX=yes
lt_cv_prog_gnu_ld=yes
lt_cv_prog_gnu_ldcxx=yes
lt_cv_sharedlib_from_linklib_cmd='printf %s\n'
lt_cv_shlibpath_overrides_runpath=yes
lt_cv_sys_global_symbol_pipe='sed -n -e '\''s/^.*[	 ]\([ABCDGIRSTW][ABCDGIRSTW]*\)[	 ][	 ]*\([_A-Za-z][_A-Za-z0-9]*\)$/\1 \2 \2/p'\'' | sed '\''/ __gnu_lto/d'\'''
lt_cv_sys_global_symbol_to_c_name_address='sed -n -e '\''s/^: \(.*\) .*$/  {"\1", (void *) 0},/p'\'' -e '\''s/^[ABCDGIRSTW][ABCDGIRSTW]* .* \(.*\)$/  {"\1", (void *) \&\1},/p'\'''
lt_cv_sys_global_symbol_to_c_name_address_lib_prefix='sed -n -e '\''s/^: \(.*\) .*$/  {"\1", (void *) 0},/p'\'' -e '\''s/^[ABCDGIRSTW][ABCDGIRSTW]* .* \(lib.*\)$/  {"\1", (void *) \&\1},/p'\'' -e '\''s/^[ABCDGIRSTW][ABCDGIRSTW]* .* \(.*\)$/  {"lib\1", (void *) \&\1},/p'\'''
lt_cv_sys_global_symbol_to_cdecl='sed -n -e '\''s/^T .* \(.*\)$/extern int \1();/p'\'' -e '\''s/^[ABCDGIRSTW][ABCDGIRSTW]* .* \(.*\)$/extern char \1;/p'\'''
lt_cv_sys_global_symbol_to_import=
lt_cv_sys_max_cmd_len=1572864
lt_cv_to_host_file_cmd=func_convert_file_noop
lt_cv_to_tool_file_cmd=func_convert_file_noop
lt_cv_truncate_bin='/usr/bin/dd bs=4096 count=1'
pkg_cv_X11_CFLAGS=
pkg_cv_X11_LIBS=-lX11
pkg_cv_XEXT_CFLAGS=
pkg_cv_XEXT_LIBS=-lXext
pkg_cv_XFT_CFLAGS='-I/usr/include/uuid -I/usr/include/freetype2 -I/usr/include/libpng16'
pkg_cv_XFT_LIBS=-lXft

## ----------------- ##
## Output variables. ##
## ----------------- ##

ACLOCAL='${SHELL} /home/dul/blackbox/scripts/missing aclocal-1.16'
AMDEPBACKSLASH='\'
AMDEP_FALSE='#'
AMDEP_TRUE=''
AMTAR='$${TAR-tar}'
AM_BACKSLASH='\'
AM_DEFAULT_V='$(AM_DEFAULT_VERBOSITY)'
AM_DEFAULT_VERBOSITY='0'
AM_V='$(V)'
AR='ar'
ASCIIDOC='asciidoc'
ASCIIDOC_BACKEND='--backend=html4'
ASCIIMAN='a2x'
ASCIIMAN_FORMAT='--format=manpage'
AUTOCONF='${SHELL} /home/dul/blackbox/scripts/missing autoconf'
AUTOHEADER='${SHELL} /home/dul/blackbox/scripts/missing autoheader'
AUTOMAKE='${SHELL} /home/dul/blackbox/scripts/missing automake-1.16'
AWK='mawk'
BRANCH='0.75'
CC='gcc'
CCDEPMODE='depmode=gcc3'
CFLAGS='-g -O2'
CPP='gcc -E'
CPPFLAGS=''
CXX='g++'
CXXCPP='g++ -E'
CXXDEPMODE='depmode=gcc3'
CXXFLAGS='-g -O2'
CYGPATH_W='echo'
DATE='2019-09-06'
DEFS='-DHAVE_CONFIG_H'
DEPDIR='.deps'
DLLTOOL='false'
DSYMUTIL=''
DUMPBIN=''
ECHO_C=''
ECHO_N='-n'
ECHO_T=''
EGREP='/usr/bin/grep -E'
EXEEXT=''
FGREP='/usr/bin/grep -F'
GETTEXT_MACRO_VERSION='0.19'
GMSGFMT=':'
GMSGFMT_015=':'
GREP='/usr/bin/grep'
INSTALL_DATA='${INSTALL} -m 644'
INSTALL_PROGRAM='${INSTALL}'
INSTALL_SCRIPT='${INSTALL}'
INSTALL_STRIP_PROGRAM='$(install_sh) -c -s'
INTLLIBS=''
INTL_MACOSX_LIBS=''
LD='/usr/bin/ld -m elf_x86_64'
LDFLAGS=''
LIBICONV='-liconv'
LIBINTL=''
LIBOBJS=''
LIBS=''
LIBTOOL='$(SHELL) $(top_builddir)/libtool'
LIBTOOL_DEPS='scripts/ltmain.sh'
LINKS='lynx'
LIPO=''
LN_S='ln -s'
LOCDIR='/opt/blackbox-0.75/share/locale'
LTLIBICONV='-liconv'
LTLIBINTL=''
LTLIBOBJS=''
LT_SYS_LIBRARY_PATH=''
MAINT='#'
MAINTAINER_MODE_FALSE=''
MAINTAINER_MODE_TRUE='#'
MAKEINFO='${SHELL} /home/dul/blackbox/scripts/missing makeinfo'
MANIFEST_TOOL=':'
MARKDOWN='${SHELL} /home/dul/blackbox/scripts/missing markdown'
MDOCDATE='September 6, 2019'
MKDIR_P='/usr/bin/mkdir -p'
MSGFMT=':'
MSGFMT_015=':'
MSGMERGE=':'
NM='/usr/bin/nm -B'
NMEDIT=''
OBJDUMP='objdump'
OBJEXT='o'
OTOOL64=''
OTOOL=''
PACKAGE='blackbox'
PACKAGE_BUGREPORT='http://github.com/bbidulock/blackboxwm'
PACKAGE_NAME='blackbox'
PACKAGE_STRING='blackbox 0.75'
PACKAGE_TARNAME='blackbox'
PACKAGE_URL='http://github.com/bbidulock/blackboxwm/issues'
PACKAGE_VERSION='0.75'
PATH_SEPARATOR=':'
PKG_CONFIG='/usr/bin/pkg-config'
PKG_CONFIG_LIBDIR=''
PKG_CONFIG_PATH=''
POSUB=''
RANLIB='ranlib'
SED='/usr/bin/sed'
SET_MAKE=''
SHELL='/bin/bash'
STRIP='strip'
USE_NLS='no'
USE_NLS_FALSE=''
USE_NLS_TRUE='#'
VERSION='0.75'
X11_CFLAGS=''
X11_LIBS='-lX11'
XEXT_CFLAGS=''
XEXT_LIBS='-lXext'
XFT_CFLAGS='-I/usr/include/uuid -I/usr/include/freetype2 -I/usr/include/libpng16'
XFT_LIBS='-lXft'
XFT_PKGCONFIG='xft >= 2.0.0'
XGETTEXT=':'
XGETTEXT_015=':'
XGETTEXT_EXTRA_OPTIONS=''
XMKMF=''
X_CFLAGS=''
X_EXTRA_LIBS=''
X_LIBS=''
X_PRE_LIBS=' -lSM -lICE'
ac_ct_AR='ar'
ac_ct_CC='gcc'
ac_ct_CXX='g++'
ac_ct_DUMPBIN=''
am__EXEEXT_FALSE=''
am__EXEEXT_TRUE='#'
am__fastdepCC_FALSE='#'
am__fastdepCC_TRUE=''
am__fastdepCXX_FALSE='#'
am__fastdepCXX_TRUE=''
am__include='include'
am__isrc=''
am__leading_dot='.'
am__nodep='_no'
am__quote=''
am__tar='tar --format=posix -chf - "$$tardir"'
am__untar='tar -xf -'
bindir='${exec_prefix}/bin'
build='x86_64-pc-linux-gnu'
build_alias=''
build_cpu='x86_64'
build_os='linux-gnu'
build_vendor='pc'
datadir='${datarootdir}'
datarootdir='${prefix}/share'
docdir='${datarootdir}/doc/${PACKAGE_TARNAME}'
dvidir='${docdir}'
exec_prefix='${prefix}'
host='x86_64-pc-linux-gnu'
host_alias=''
host_cpu='x86_64'
host_os='linux-gnu'
host_vendor='pc'
htmldir='${docdir}'
includedir='${prefix}/include'
infodir='${datarootdir}/info'
install_sh='${SHELL} /home/dul/blackbox/scripts/install-sh'
libdir='${exec_prefix}/lib'
libexecdir='${exec_prefix}/libexec'
localedir='${datarootdir}/locale'
localstatedir='${prefix}/var'
mandir='${datarootdir}/man'
mkdir_p='$(MKDIR_P)'
oldincludedir='/usr/include'
pdfdir='${docdir}'
prefix='/opt/blackbox-0.75'
program_transform_name='s,x,x,'
psdir='${docdir}'
runstatedir='${localstatedir}/run'
sbindir='${exec_prefix}/sbin'
sharedstatedir='${prefix}/com'
sysconfdir='${prefix}/etc'
target='x86_64-pc-linux-gnu'
target_alias=''
target_cpu='x86_64'
target_os='linux-gnu'
target_vendor='pc'

## ----------- ##
## confdefs.h. ##
## ----------- ##

/* confdefs.h */
#define PACKAGE_NAME "blackbox"
#define PACKAGE_TARNAME "blackbox"
#define PACKAGE_VERSION "0.75"
#define PACKAGE_STRING "blackbox 0.75"
#define PACKAGE_BUGREPORT "http://github.com/bbidulock/blackboxwm"
#define PACKAGE_URL "http://github.com/bbidulock/blackboxwm/issues"
#define STDC_HEADERS 1
#define HAVE_SYS_TYPES_H 1
#define HAVE_SYS_STAT_H 1
#define HAVE_STDLIB_H 1
#define HAVE_STRING_H 1
#define HAVE_MEMORY_H 1
#define HAVE_STRINGS_H 1
#define HAVE_INTTYPES_H 1
#define HAVE_STDINT_H 1
#define HAVE_UNISTD_H 1
#define __EXTENSIONS__ 1
#define _ALL_SOURCE 1
#define _GNU_SOURCE 1
#define _POSIX_PTHREAD_SEMANTICS 1
#define _TANDEM_SOURCE 1
#define PACKAGE "blackbox"
#define VERSION "0.75"
#define HAVE_DLFCN_H 1
#define LT_OBJDIR ".libs/"
#define STDC_HEADERS 1
#define HAVE_FCNTL_H 1
#define HAVE_LANGINFO_H 1
#define HAVE_LIMITS_H 1
#define HAVE_LOCALE_H 1
#define HAVE_STRING_H 1
#define HAVE_SYS_TIME_H 1
#define HAVE_UNISTD_H 1
#define HAVE_FORK 1
#define HAVE_VFORK 1
#define HAVE_WORKING_VFORK 1
#define HAVE_WORKING_FORK 1
#define HAVE_GETHOSTNAME 1
#define HAVE_GETTIMEOFDAY 1
#define HAVE_MEMMOVE 1
#define HAVE_MEMSET 1
#define HAVE_MKDIR 1
#define HAVE_NL_LANGINFO 1
#define HAVE_PUTENV 1
#define HAVE_SELECT 1
#define HAVE_SETLOCALE 1
#define HAVE_SQRT 1
#define HAVE_STRCASECMP 1
#define HAVE_STRNCASECMP 1
#define HAVE_STRTOL 1
#define HAVE_STRTOUL 1
#define SHAPE 1
#define MITSHM 1
#define XFT 1
#define WITH_FULLSCREEN 1

configure: exit 0
